<?xml version="1.0" encoding="UTF-8"?>
<!-- Generated by org.testng.reporters.JUnitReportReporter -->
<testsuite hostname="DESKTOP-RPD9QOJ" failures="0" tests="1" name="test" time="29.221" errors="0" timestamp="2024-05-05T16:47:08 IST" skipped="0">
  <testcase classname="test" name="mainss" time="29.221"/>
</testsuite> <!-- test -->
